2022-11-02 10:22:14.935 +01:00 [INF] Please setup your database in order to have the RabbitMq messaging backup feature
2022-11-02 10:22:15.587 +01:00 [INF] Please setup your database in order to have the RabbitMq messaging backup feature
2022-11-02 10:22:15.591 +01:00 [INF] RabbitMq messaging backup feature is going to be used via LiteDb
2022-11-02 10:22:20.155 +01:00 [INF] User profile is available. Using 'C:\Users\molanger\AppData\Local\ASP.NET\DataProtection-Keys' as key repository and Windows DPAPI to encrypt keys at rest.
2022-11-02 10:22:20.278 +01:00 [INF] Creating key {a91a692a-4518-494a-9311-1558fcbfce02} with creation date 2022-11-02 09:22:20Z, activation date 2022-11-02 09:22:20Z, and expiration date 2023-01-31 09:22:20Z.
2022-11-02 10:22:20.290 +01:00 [INF] Writing data to file 'C:\Users\molanger\AppData\Local\ASP.NET\DataProtection-Keys\key-a91a692a-4518-494a-9311-1558fcbfce02.xml'.
2022-11-02 10:22:20.365 +01:00 [WRN] Overriding address(es) 'https://localhost:7229, http://localhost:5229'. Binding to endpoints defined via IConfiguration and/or UseKestrel() instead.
2022-11-02 10:22:20.371 +01:00 [INF] Now listening on: http://0.0.0.0:8085
2022-11-02 10:22:20.373 +01:00 [INF] Application started. Press Ctrl+C to shut down.
2022-11-02 10:22:20.374 +01:00 [INF] Hosting environment: Development
2022-11-02 10:22:20.376 +01:00 [INF] Content root path: C:\dotnet-estimation\dotnet-estimation\dotnet-estimation\Templates\WebAPI\Devon4Net.Application.WebAPI\
2022-11-02 10:34:22.606 +01:00 [INF] Please setup your database in order to have the RabbitMq messaging backup feature
2022-11-02 10:34:22.783 +01:00 [INF] Please setup your database in order to have the RabbitMq messaging backup feature
2022-11-02 10:34:22.785 +01:00 [INF] RabbitMq messaging backup feature is going to be used via LiteDb
2022-11-02 10:34:27.150 +01:00 [INF] User profile is available. Using 'C:\Users\molanger\AppData\Local\ASP.NET\DataProtection-Keys' as key repository and Windows DPAPI to encrypt keys at rest.
2022-11-02 10:34:27.316 +01:00 [WRN] Overriding address(es) 'https://localhost:7229, http://localhost:5229'. Binding to endpoints defined via IConfiguration and/or UseKestrel() instead.
2022-11-02 10:34:27.322 +01:00 [INF] Now listening on: http://0.0.0.0:8085
2022-11-02 10:34:27.322 +01:00 [INF] Application started. Press Ctrl+C to shut down.
2022-11-02 10:34:27.323 +01:00 [INF] Hosting environment: Development
2022-11-02 10:34:27.324 +01:00 [INF] Content root path: C:\dotnet-estimation\dotnet-estimation\dotnet-estimation\Templates\WebAPI\Devon4Net.Application.WebAPI\
2022-11-02 10:37:59.638 +01:00 [INF] Request starting HTTP/1.1 GET http://localhost:8085/swagger/index.html - -
2022-11-02 10:38:07.801 +01:00 [INF] Request starting HTTP/1.1 GET http://localhost:8085/swagger/swagger-ui.css - -
2022-11-02 10:38:07.802 +01:00 [INF] Request starting HTTP/1.1 GET http://localhost:8085/swagger/swagger-ui-bundle.js - -
2022-11-02 10:38:07.814 +01:00 [INF] Request finished HTTP/1.1 GET http://localhost:8085/swagger/index.html - - - 200 - text/html;charset=utf-8 8177.8884ms
2022-11-02 10:38:07.841 +01:00 [INF] Request starting HTTP/1.1 GET http://localhost:8085/swagger/swagger-ui-standalone-preset.js - -
2022-11-02 10:38:07.845 +01:00 [INF] Sending file. Request path: '/swagger-ui-bundle.js'. Physical path: 'N/A'
2022-11-02 10:38:07.845 +01:00 [INF] Sending file. Request path: '/swagger-ui.css'. Physical path: 'N/A'
2022-11-02 10:38:07.847 +01:00 [INF] Request finished HTTP/1.1 GET http://localhost:8085/swagger/swagger-ui-bundle.js - - - 200 1095087 application/javascript 44.8638ms
2022-11-02 10:38:07.848 +01:00 [INF] Sending file. Request path: '/swagger-ui-standalone-preset.js'. Physical path: 'N/A'
2022-11-02 10:38:07.850 +01:00 [INF] Request finished HTTP/1.1 GET http://localhost:8085/swagger/swagger-ui.css - - - 200 143943 text/css 48.6305ms
2022-11-02 10:38:07.861 +01:00 [INF] Request finished HTTP/1.1 GET http://localhost:8085/swagger/swagger-ui-standalone-preset.js - - - 200 339486 application/javascript 19.9466ms
2022-11-02 10:38:07.863 +01:00 [INF] Request starting HTTP/1.1 GET http://localhost:8085/_framework/aspnetcore-browser-refresh.js - -
2022-11-02 10:38:07.873 +01:00 [INF] Request finished HTTP/1.1 GET http://localhost:8085/_framework/aspnetcore-browser-refresh.js - - - 200 12014 application/javascript;+charset=utf-8 9.6986ms
2022-11-02 10:38:08.075 +01:00 [INF] Request starting HTTP/1.1 GET http://localhost:8085/swagger/v1/swagger.json - -
2022-11-02 10:38:08.120 +01:00 [INF] Request starting HTTP/1.1 GET http://localhost:8085/swagger/favicon-32x32.png - -
2022-11-02 10:38:08.124 +01:00 [INF] Sending file. Request path: '/favicon-32x32.png'. Physical path: 'N/A'
2022-11-02 10:38:08.129 +01:00 [INF] Request finished HTTP/1.1 GET http://localhost:8085/swagger/favicon-32x32.png - - - 200 628 image/png 8.9277ms
2022-11-02 10:38:08.236 +01:00 [INF] Request finished HTTP/1.1 GET http://localhost:8085/swagger/v1/swagger.json - - - 200 - application/json;charset=utf-8 160.8715ms
2022-11-02 10:38:24.252 +01:00 [INF] Request starting HTTP/1.1 POST http://localhost:8085/Status application/json 43
2022-11-02 10:38:24.265 +01:00 [INF] CORS policy execution failed.
2022-11-02 10:38:24.269 +01:00 [INF] Request origin http://localhost:8085 does not have permission to access the resource.
2022-11-02 10:38:24.277 +01:00 [INF] Executing endpoint 'Devon4Net.Application.WebAPI.Implementation.Business.SessionManagement.Controllers.StatusController.AddNewEstimation (Devon4Net.Application.WebAPI.Implementation)'
2022-11-02 10:38:24.317 +01:00 [INF] Route matched with {action = "AddNewEstimation", controller = "Status"}. Executing controller action with signature System.Threading.Tasks.Task`1[Microsoft.AspNetCore.Mvc.ActionResult`1[Devon4Net.Application.WebAPI.Implementation.Business.SessionManagement.Dtos.EstimationDto]] AddNewEstimation(Int64, Devon4Net.Application.WebAPI.Implementation.Business.SessionManagement.Dtos.EstimationDto) on controller Devon4Net.Application.WebAPI.Implementation.Business.SessionManagement.Controllers.StatusController (Devon4Net.Application.WebAPI.Implementation).
2022-11-02 10:38:24.730 +01:00 [INF] Executed action Devon4Net.Application.WebAPI.Implementation.Business.SessionManagement.Controllers.StatusController.AddNewEstimation (Devon4Net.Application.WebAPI.Implementation) in 400.0502ms
2022-11-02 10:38:24.737 +01:00 [INF] Executed endpoint 'Devon4Net.Application.WebAPI.Implementation.Business.SessionManagement.Controllers.StatusController.AddNewEstimation (Devon4Net.Application.WebAPI.Implementation)'
2022-11-02 10:38:24.850 +01:00 [ERR] Exception Type: NotFoundException | Message: Failed to find element matching 0 | InnerException: No InnerException exception data found | StackTrace =    at Devon4Net.Application.WebAPI.Implementation.Business.SessionManagement.Service.SessionService.GetStatus(Int64 sessionId) in C:\dotnet-estimation\dotnet-estimation\dotnet-estimation\Templates\WebAPI\Devon4Net.Application.WebAPI.Implementation\Business\SessionManagement\Service\SessionService.cs:line 31
   at Devon4Net.Application.WebAPI.Implementation.Business.SessionManagement.Service.SessionService.AddNewEstimation(Int64 sessionId, String VoteBy, Int32 Complexity) in C:\dotnet-estimation\dotnet-estimation\dotnet-estimation\Templates\WebAPI\Devon4Net.Application.WebAPI.Implementation\Business\SessionManagement\Service\SessionService.cs:line 80
   at Devon4Net.Application.WebAPI.Implementation.Business.SessionManagement.Controllers.StatusController.AddNewEstimation(Int64 sessionId, EstimationDto estimationDto) in C:\dotnet-estimation\dotnet-estimation\dotnet-estimation\Templates\WebAPI\Devon4Net.Application.WebAPI.Implementation\Business\SessionManagement\Controllers\StatusController.cs:line 73
   at lambda_method56(Closure , Object )
   at Microsoft.AspNetCore.Mvc.Infrastructure.ActionMethodExecutor.AwaitableObjectResultExecutor.Execute(IActionResultTypeMapper mapper, ObjectMethodExecutor executor, Object controller, Object[] arguments)
   at Microsoft.AspNetCore.Mvc.Infrastructure.ControllerActionInvoker.<InvokeActionMethodAsync>g__Awaited|12_0(ControllerActionInvoker invoker, ValueTask`1 actionResultValueTask)
   at Microsoft.AspNetCore.Mvc.Infrastructure.ControllerActionInvoker.<InvokeNextActionFilterAsync>g__Awaited|10_0(ControllerActionInvoker invoker, Task lastTask, State next, Scope scope, Object state, Boolean isCompleted)
   at Microsoft.AspNetCore.Mvc.Infrastructure.ControllerActionInvoker.Rethrow(ActionExecutedContextSealed context)
   at Microsoft.AspNetCore.Mvc.Infrastructure.ControllerActionInvoker.Next(State& next, Scope& scope, Object& state, Boolean& isCompleted)
   at Microsoft.AspNetCore.Mvc.Infrastructure.ControllerActionInvoker.InvokeInnerFilterAsync()
--- End of stack trace from previous location ---
   at Microsoft.AspNetCore.Mvc.Infrastructure.ResourceInvoker.<InvokeNextResourceFilter>g__Awaited|25_0(ResourceInvoker invoker, Task lastTask, State next, Scope scope, Object state, Boolean isCompleted)
   at Microsoft.AspNetCore.Mvc.Infrastructure.ResourceInvoker.Rethrow(ResourceExecutedContextSealed context)
   at Microsoft.AspNetCore.Mvc.Infrastructure.ResourceInvoker.Next(State& next, Scope& scope, Object& state, Boolean& isCompleted)
   at Microsoft.AspNetCore.Mvc.Infrastructure.ResourceInvoker.InvokeFilterPipelineAsync()
--- End of stack trace from previous location ---
   at Microsoft.AspNetCore.Mvc.Infrastructure.ResourceInvoker.<InvokeAsync>g__Logged|17_1(ResourceInvoker invoker)
   at Microsoft.AspNetCore.Mvc.Infrastructure.ResourceInvoker.<InvokeAsync>g__Logged|17_1(ResourceInvoker invoker)
   at Microsoft.AspNetCore.Routing.EndpointMiddleware.<Invoke>g__AwaitRequestTask|6_0(Endpoint endpoint, Task requestTask, ILogger logger)
   at Microsoft.AspNetCore.Authorization.AuthorizationMiddleware.Invoke(HttpContext context)
   at Devon4Net.Infrastructure.Middleware.Middleware.Headers.CustomHeadersMiddleware.Invoke(HttpContext context)
   at Devon4Net.Infrastructure.Middleware.Middleware.Exception.ExceptionHandlingMiddleware.Invoke(HttpContext context)
2022-11-02 10:38:24.856 +01:00 [INF] Request finished HTTP/1.1 POST http://localhost:8085/Status application/json 43 - 400 0 - 604.1242ms
2022-11-02 10:38:43.027 +01:00 [INF] Request starting HTTP/1.1 POST http://localhost:8085/Status application/json 43
2022-11-02 10:38:43.031 +01:00 [INF] CORS policy execution failed.
2022-11-02 10:38:43.033 +01:00 [INF] Request origin http://localhost:8085 does not have permission to access the resource.
2022-11-02 10:38:43.034 +01:00 [INF] Executing endpoint 'Devon4Net.Application.WebAPI.Implementation.Business.SessionManagement.Controllers.StatusController.AddNewEstimation (Devon4Net.Application.WebAPI.Implementation)'
2022-11-02 10:38:43.037 +01:00 [INF] Route matched with {action = "AddNewEstimation", controller = "Status"}. Executing controller action with signature System.Threading.Tasks.Task`1[Microsoft.AspNetCore.Mvc.ActionResult`1[Devon4Net.Application.WebAPI.Implementation.Business.SessionManagement.Dtos.EstimationDto]] AddNewEstimation(Int64, Devon4Net.Application.WebAPI.Implementation.Business.SessionManagement.Dtos.EstimationDto) on controller Devon4Net.Application.WebAPI.Implementation.Business.SessionManagement.Controllers.StatusController (Devon4Net.Application.WebAPI.Implementation).
2022-11-02 10:38:43.154 +01:00 [INF] Executed action Devon4Net.Application.WebAPI.Implementation.Business.SessionManagement.Controllers.StatusController.AddNewEstimation (Devon4Net.Application.WebAPI.Implementation) in 112.8895ms
2022-11-02 10:38:43.158 +01:00 [INF] Executed endpoint 'Devon4Net.Application.WebAPI.Implementation.Business.SessionManagement.Controllers.StatusController.AddNewEstimation (Devon4Net.Application.WebAPI.Implementation)'
2022-11-02 10:38:43.168 +01:00 [ERR] Exception Type: NotFoundException | Message: Failed to find element matching 0 | InnerException: No InnerException exception data found | StackTrace =    at Devon4Net.Application.WebAPI.Implementation.Business.SessionManagement.Service.SessionService.GetStatus(Int64 sessionId) in C:\dotnet-estimation\dotnet-estimation\dotnet-estimation\Templates\WebAPI\Devon4Net.Application.WebAPI.Implementation\Business\SessionManagement\Service\SessionService.cs:line 31
   at Devon4Net.Application.WebAPI.Implementation.Business.SessionManagement.Service.SessionService.AddNewEstimation(Int64 sessionId, String VoteBy, Int32 Complexity) in C:\dotnet-estimation\dotnet-estimation\dotnet-estimation\Templates\WebAPI\Devon4Net.Application.WebAPI.Implementation\Business\SessionManagement\Service\SessionService.cs:line 80
   at Devon4Net.Application.WebAPI.Implementation.Business.SessionManagement.Controllers.StatusController.AddNewEstimation(Int64 sessionId, EstimationDto estimationDto) in C:\dotnet-estimation\dotnet-estimation\dotnet-estimation\Templates\WebAPI\Devon4Net.Application.WebAPI.Implementation\Business\SessionManagement\Controllers\StatusController.cs:line 73
   at lambda_method56(Closure , Object )
   at Microsoft.AspNetCore.Mvc.Infrastructure.ActionMethodExecutor.AwaitableObjectResultExecutor.Execute(IActionResultTypeMapper mapper, ObjectMethodExecutor executor, Object controller, Object[] arguments)
   at Microsoft.AspNetCore.Mvc.Infrastructure.ControllerActionInvoker.<InvokeActionMethodAsync>g__Awaited|12_0(ControllerActionInvoker invoker, ValueTask`1 actionResultValueTask)
   at Microsoft.AspNetCore.Mvc.Infrastructure.ControllerActionInvoker.<InvokeNextActionFilterAsync>g__Awaited|10_0(ControllerActionInvoker invoker, Task lastTask, State next, Scope scope, Object state, Boolean isCompleted)
   at Microsoft.AspNetCore.Mvc.Infrastructure.ControllerActionInvoker.Rethrow(ActionExecutedContextSealed context)
   at Microsoft.AspNetCore.Mvc.Infrastructure.ControllerActionInvoker.Next(State& next, Scope& scope, Object& state, Boolean& isCompleted)
   at Microsoft.AspNetCore.Mvc.Infrastructure.ControllerActionInvoker.InvokeInnerFilterAsync()
--- End of stack trace from previous location ---
   at Microsoft.AspNetCore.Mvc.Infrastructure.ResourceInvoker.<InvokeNextResourceFilter>g__Awaited|25_0(ResourceInvoker invoker, Task lastTask, State next, Scope scope, Object state, Boolean isCompleted)
   at Microsoft.AspNetCore.Mvc.Infrastructure.ResourceInvoker.Rethrow(ResourceExecutedContextSealed context)
   at Microsoft.AspNetCore.Mvc.Infrastructure.ResourceInvoker.Next(State& next, Scope& scope, Object& state, Boolean& isCompleted)
   at Microsoft.AspNetCore.Mvc.Infrastructure.ResourceInvoker.InvokeFilterPipelineAsync()
--- End of stack trace from previous location ---
   at Microsoft.AspNetCore.Mvc.Infrastructure.ResourceInvoker.<InvokeAsync>g__Logged|17_1(ResourceInvoker invoker)
   at Microsoft.AspNetCore.Mvc.Infrastructure.ResourceInvoker.<InvokeAsync>g__Logged|17_1(ResourceInvoker invoker)
   at Microsoft.AspNetCore.Routing.EndpointMiddleware.<Invoke>g__AwaitRequestTask|6_0(Endpoint endpoint, Task requestTask, ILogger logger)
   at Microsoft.AspNetCore.Authorization.AuthorizationMiddleware.Invoke(HttpContext context)
   at Devon4Net.Infrastructure.Middleware.Middleware.Headers.CustomHeadersMiddleware.Invoke(HttpContext context)
   at Devon4Net.Infrastructure.Middleware.Middleware.Exception.ExceptionHandlingMiddleware.Invoke(HttpContext context)
2022-11-02 10:38:43.181 +01:00 [INF] Request finished HTTP/1.1 POST http://localhost:8085/Status application/json 43 - 400 0 - 154.1983ms
2022-11-02 10:39:30.978 +01:00 [INF] Application is shutting down...
2022-11-02 11:53:44.370 +01:00 [INF] Please setup your database in order to have the RabbitMq messaging backup feature
2022-11-02 11:53:44.596 +01:00 [INF] Please setup your database in order to have the RabbitMq messaging backup feature
2022-11-02 11:53:44.598 +01:00 [INF] RabbitMq messaging backup feature is going to be used via LiteDb
2022-11-02 11:53:49.228 +01:00 [INF] User profile is available. Using 'C:\Users\molanger\AppData\Local\ASP.NET\DataProtection-Keys' as key repository and Windows DPAPI to encrypt keys at rest.
2022-11-02 11:53:49.594 +01:00 [WRN] Overriding address(es) 'https://localhost:7229, http://localhost:5229'. Binding to endpoints defined via IConfiguration and/or UseKestrel() instead.
2022-11-02 11:53:49.605 +01:00 [INF] Now listening on: http://0.0.0.0:8085
2022-11-02 11:53:49.607 +01:00 [INF] Application started. Press Ctrl+C to shut down.
2022-11-02 11:53:49.608 +01:00 [INF] Hosting environment: Development
2022-11-02 11:53:49.609 +01:00 [INF] Content root path: C:\dotnet-estimation\dotnet-estimation\dotnet-estimation\Templates\WebAPI\Devon4Net.Application.WebAPI\
2022-11-02 11:54:00.620 +01:00 [INF] Request starting HTTP/1.1 GET http://localhost:8085/swagger/index.html - -
2022-11-02 11:54:01.065 +01:00 [INF] Request finished HTTP/1.1 GET http://localhost:8085/swagger/index.html - - - 200 - text/html;charset=utf-8 450.8444ms
2022-11-02 11:54:01.081 +01:00 [INF] Request starting HTTP/1.1 GET http://localhost:8085/_framework/aspnetcore-browser-refresh.js - -
2022-11-02 11:54:01.084 +01:00 [INF] Request finished HTTP/1.1 GET http://localhost:8085/_framework/aspnetcore-browser-refresh.js - - - 200 12014 application/javascript;+charset=utf-8 2.8922ms
2022-11-02 11:54:01.305 +01:00 [INF] Request starting HTTP/1.1 GET http://localhost:8085/swagger/v1/swagger.json - -
2022-11-02 11:54:01.481 +01:00 [INF] Request finished HTTP/1.1 GET http://localhost:8085/swagger/v1/swagger.json - - - 200 - application/json;charset=utf-8 175.2533ms
2022-11-02 11:54:35.146 +01:00 [INF] Request starting HTTP/1.1 POST http://localhost:8085/Status?sessionId=0 application/json 43
2022-11-02 11:54:35.162 +01:00 [INF] CORS policy execution failed.
2022-11-02 11:54:35.165 +01:00 [INF] Request origin http://localhost:8085 does not have permission to access the resource.
2022-11-02 11:54:35.177 +01:00 [INF] Executing endpoint 'Devon4Net.Application.WebAPI.Implementation.Business.SessionManagement.Controllers.StatusController.AddNewEstimation (Devon4Net.Application.WebAPI.Implementation)'
2022-11-02 11:54:35.213 +01:00 [INF] Route matched with {action = "AddNewEstimation", controller = "Status"}. Executing controller action with signature System.Threading.Tasks.Task`1[Microsoft.AspNetCore.Mvc.ActionResult`1[Devon4Net.Application.WebAPI.Implementation.Business.SessionManagement.Dtos.EstimationDto]] AddNewEstimation(Int64, Devon4Net.Application.WebAPI.Implementation.Business.SessionManagement.Dtos.EstimationDto) on controller Devon4Net.Application.WebAPI.Implementation.Business.SessionManagement.Controllers.StatusController (Devon4Net.Application.WebAPI.Implementation).
2022-11-02 11:54:35.548 +01:00 [INF] Executed action Devon4Net.Application.WebAPI.Implementation.Business.SessionManagement.Controllers.StatusController.AddNewEstimation (Devon4Net.Application.WebAPI.Implementation) in 322.9444ms
2022-11-02 11:54:35.555 +01:00 [INF] Executed endpoint 'Devon4Net.Application.WebAPI.Implementation.Business.SessionManagement.Controllers.StatusController.AddNewEstimation (Devon4Net.Application.WebAPI.Implementation)'
2022-11-02 11:54:35.607 +01:00 [ERR] Exception Type: NotFoundException | Message: Failed to find element matching 0 | InnerException: No InnerException exception data found | StackTrace =    at Devon4Net.Application.WebAPI.Implementation.Business.SessionManagement.Service.SessionService.GetStatus(Int64 sessionId) in C:\dotnet-estimation\dotnet-estimation\dotnet-estimation\Templates\WebAPI\Devon4Net.Application.WebAPI.Implementation\Business\SessionManagement\Service\SessionService.cs:line 31
   at Devon4Net.Application.WebAPI.Implementation.Business.SessionManagement.Service.SessionService.AddNewEstimation(Int64 sessionId, String VoteBy, Int32 Complexity) in C:\dotnet-estimation\dotnet-estimation\dotnet-estimation\Templates\WebAPI\Devon4Net.Application.WebAPI.Implementation\Business\SessionManagement\Service\SessionService.cs:line 80
   at Devon4Net.Application.WebAPI.Implementation.Business.SessionManagement.Controllers.StatusController.AddNewEstimation(Int64 sessionId, EstimationDto estimationDto) in C:\dotnet-estimation\dotnet-estimation\dotnet-estimation\Templates\WebAPI\Devon4Net.Application.WebAPI.Implementation\Business\SessionManagement\Controllers\StatusController.cs:line 73
   at lambda_method56(Closure , Object )
   at Microsoft.AspNetCore.Mvc.Infrastructure.ActionMethodExecutor.AwaitableObjectResultExecutor.Execute(IActionResultTypeMapper mapper, ObjectMethodExecutor executor, Object controller, Object[] arguments)
   at Microsoft.AspNetCore.Mvc.Infrastructure.ControllerActionInvoker.<InvokeActionMethodAsync>g__Awaited|12_0(ControllerActionInvoker invoker, ValueTask`1 actionResultValueTask)
   at Microsoft.AspNetCore.Mvc.Infrastructure.ControllerActionInvoker.<InvokeNextActionFilterAsync>g__Awaited|10_0(ControllerActionInvoker invoker, Task lastTask, State next, Scope scope, Object state, Boolean isCompleted)
   at Microsoft.AspNetCore.Mvc.Infrastructure.ControllerActionInvoker.Rethrow(ActionExecutedContextSealed context)
   at Microsoft.AspNetCore.Mvc.Infrastructure.ControllerActionInvoker.Next(State& next, Scope& scope, Object& state, Boolean& isCompleted)
   at Microsoft.AspNetCore.Mvc.Infrastructure.ControllerActionInvoker.InvokeInnerFilterAsync()
--- End of stack trace from previous location ---
   at Microsoft.AspNetCore.Mvc.Infrastructure.ResourceInvoker.<InvokeNextResourceFilter>g__Awaited|25_0(ResourceInvoker invoker, Task lastTask, State next, Scope scope, Object state, Boolean isCompleted)
   at Microsoft.AspNetCore.Mvc.Infrastructure.ResourceInvoker.Rethrow(ResourceExecutedContextSealed context)
   at Microsoft.AspNetCore.Mvc.Infrastructure.ResourceInvoker.Next(State& next, Scope& scope, Object& state, Boolean& isCompleted)
   at Microsoft.AspNetCore.Mvc.Infrastructure.ResourceInvoker.InvokeFilterPipelineAsync()
--- End of stack trace from previous location ---
   at Microsoft.AspNetCore.Mvc.Infrastructure.ResourceInvoker.<InvokeAsync>g__Logged|17_1(ResourceInvoker invoker)
   at Microsoft.AspNetCore.Mvc.Infrastructure.ResourceInvoker.<InvokeAsync>g__Logged|17_1(ResourceInvoker invoker)
   at Microsoft.AspNetCore.Routing.EndpointMiddleware.<Invoke>g__AwaitRequestTask|6_0(Endpoint endpoint, Task requestTask, ILogger logger)
   at Microsoft.AspNetCore.Authorization.AuthorizationMiddleware.Invoke(HttpContext context)
   at Devon4Net.Infrastructure.Middleware.Middleware.Headers.CustomHeadersMiddleware.Invoke(HttpContext context)
   at Devon4Net.Infrastructure.Middleware.Middleware.Exception.ExceptionHandlingMiddleware.Invoke(HttpContext context)
2022-11-02 11:54:35.619 +01:00 [INF] Request finished HTTP/1.1 POST http://localhost:8085/Status?sessionId=0 application/json 43 - 400 0 - 473.4932ms
