2022-10-21 11:56:56.177 +02:00 [INF] Please setup your database in order to have the RabbitMq messaging backup feature
2022-10-21 11:56:56.872 +02:00 [INF] Please setup your database in order to have the RabbitMq messaging backup feature
2022-10-21 11:56:56.880 +02:00 [INF] RabbitMq messaging backup feature is going to be used via LiteDb
2022-10-21 11:57:05.613 +02:00 [INF] User profile is available. Using 'C:\Users\dkarassa\AppData\Local\ASP.NET\DataProtection-Keys' as key repository and Windows DPAPI to encrypt keys at rest.
2022-10-21 11:57:06.189 +02:00 [INF] Creating key {0932d011-c464-4f1b-930e-cf22e7ca5a5b} with creation date 2022-10-21 09:57:06Z, activation date 2022-10-21 09:57:06Z, and expiration date 2023-01-19 09:57:06Z.
2022-10-21 11:57:06.280 +02:00 [INF] Writing data to file 'C:\Users\dkarassa\AppData\Local\ASP.NET\DataProtection-Keys\key-0932d011-c464-4f1b-930e-cf22e7ca5a5b.xml'.
2022-10-21 11:57:06.559 +02:00 [WRN] Overriding address(es) 'https://localhost:7229, http://localhost:5229'. Binding to endpoints defined via IConfiguration and/or UseKestrel() instead.
2022-10-21 11:57:06.579 +02:00 [INF] Now listening on: http://0.0.0.0:8085
2022-10-21 11:57:06.585 +02:00 [INF] Application started. Press Ctrl+C to shut down.
2022-10-21 11:57:06.587 +02:00 [INF] Hosting environment: Development
2022-10-21 11:57:06.588 +02:00 [INF] Content root path: C:\Users\dkarassa\source\repos\dotnet-estimation\dotnet-estimation\Templates\WebAPI\Devon4Net.Application.WebAPI\
2022-10-21 11:57:55.734 +02:00 [INF] Request starting HTTP/1.1 GET http://localhost:8085/swagger/index.html - -
2022-10-21 11:57:56.647 +02:00 [INF] Request finished HTTP/1.1 GET http://localhost:8085/swagger/index.html - - - 200 - text/html;charset=utf-8 906.8107ms
2022-10-21 11:57:56.657 +02:00 [INF] Request starting HTTP/1.1 GET http://localhost:8085/swagger/swagger-ui-bundle.js - -
2022-10-21 11:57:56.735 +02:00 [INF] Request starting HTTP/1.1 GET http://localhost:8085/swagger/swagger-ui.css - -
2022-10-21 11:57:56.868 +02:00 [INF] Sending file. Request path: '/swagger-ui.css'. Physical path: 'N/A'
2022-10-21 11:57:56.959 +02:00 [INF] Sending file. Request path: '/swagger-ui-bundle.js'. Physical path: 'N/A'
2022-10-21 11:57:57.064 +02:00 [INF] Request finished HTTP/1.1 GET http://localhost:8085/swagger/swagger-ui-bundle.js - - - 200 1095087 application/javascript 406.3773ms
2022-10-21 11:57:57.040 +02:00 [INF] Request starting HTTP/1.1 GET http://localhost:8085/_framework/aspnetcore-browser-refresh.js - -
2022-10-21 11:57:57.061 +02:00 [INF] Request finished HTTP/1.1 GET http://localhost:8085/swagger/swagger-ui.css - - - 200 143943 text/css 325.5130ms
2022-10-21 11:57:57.040 +02:00 [INF] Request starting HTTP/1.1 GET http://localhost:8085/_vs/browserLink - -
2022-10-21 11:57:57.070 +02:00 [INF] Request starting HTTP/1.1 GET http://localhost:8085/swagger/swagger-ui-standalone-preset.js - -
2022-10-21 11:57:57.075 +02:00 [INF] Request finished HTTP/1.1 GET http://localhost:8085/_framework/aspnetcore-browser-refresh.js - - - 200 11974 application/javascript;+charset=utf-8 33.9949ms
2022-10-21 11:57:57.116 +02:00 [INF] Sending file. Request path: '/swagger-ui-standalone-preset.js'. Physical path: 'N/A'
2022-10-21 11:57:57.195 +02:00 [INF] Request finished HTTP/1.1 GET http://localhost:8085/swagger/swagger-ui-standalone-preset.js - - - 200 339486 application/javascript 124.8505ms
2022-10-21 11:57:57.264 +02:00 [INF] Request finished HTTP/1.1 GET http://localhost:8085/_vs/browserLink - - - 200 - text/javascript;+charset=UTF-8 223.4692ms
2022-10-21 11:57:57.688 +02:00 [INF] Request starting HTTP/1.1 GET http://localhost:8085/swagger/v1/swagger.json - -
2022-10-21 11:57:57.854 +02:00 [INF] Request starting HTTP/1.1 GET http://localhost:8085/swagger/favicon-32x32.png - -
2022-10-21 11:57:57.912 +02:00 [INF] Sending file. Request path: '/favicon-32x32.png'. Physical path: 'N/A'
2022-10-21 11:57:57.913 +02:00 [INF] Request finished HTTP/1.1 GET http://localhost:8085/swagger/favicon-32x32.png - - - 200 628 image/png 59.1123ms
2022-10-21 11:57:58.379 +02:00 [INF] Request finished HTTP/1.1 GET http://localhost:8085/swagger/v1/swagger.json - - - 200 - application/json;charset=utf-8 690.6037ms
2022-10-21 11:59:54.751 +02:00 [INF] Request starting HTTP/1.1 GET http://localhost:8085/Employee - -
2022-10-21 11:59:54.785 +02:00 [INF] Executing endpoint 'Devon4Net.Application.WebAPI.Implementation.Business.EmployeeManagement.Controllers.EmployeeController.GetEmployee (Devon4Net.Application.WebAPI.Implementation)'
2022-10-21 11:59:54.816 +02:00 [INF] Route matched with {action = "GetEmployee", controller = "Employee"}. Executing controller action with signature System.Threading.Tasks.Task`1[Microsoft.AspNetCore.Mvc.ActionResult] GetEmployee() on controller Devon4Net.Application.WebAPI.Implementation.Business.EmployeeManagement.Controllers.EmployeeController (Devon4Net.Application.WebAPI.Implementation).
2022-10-21 11:59:55.912 +02:00 [INF] Entity Framework Core 6.0.6 initialized 'EmployeeContext' using provider 'Microsoft.EntityFrameworkCore.InMemory:6.0.6' with options: StoreName=Employee 
2022-10-21 11:59:56.356 +02:00 [INF] Executing OkObjectResult, writing value of type 'System.Linq.Enumerable+SelectListIterator`2[[Devon4Net.Application.WebAPI.Implementation.Domain.Entities.Employee, Devon4Net.Application.WebAPI.Implementation, Version=1.0.0.0, Culture=neutral, PublicKeyToken=null],[Devon4Net.Application.WebAPI.Implementation.Business.EmployeeManagement.Dto.EmployeeDto, Devon4Net.Application.WebAPI.Implementation, Version=1.0.0.0, Culture=neutral, PublicKeyToken=null]]'.
2022-10-21 11:59:56.382 +02:00 [INF] Executed action Devon4Net.Application.WebAPI.Implementation.Business.EmployeeManagement.Controllers.EmployeeController.GetEmployee (Devon4Net.Application.WebAPI.Implementation) in 1552.4768ms
2022-10-21 11:59:56.389 +02:00 [INF] Executed endpoint 'Devon4Net.Application.WebAPI.Implementation.Business.EmployeeManagement.Controllers.EmployeeController.GetEmployee (Devon4Net.Application.WebAPI.Implementation)'
2022-10-21 11:59:56.402 +02:00 [INF] Request finished HTTP/1.1 GET http://localhost:8085/Employee - - - 200 - application/json;+charset=utf-8 1651.7054ms
2022-10-21 12:00:48.427 +02:00 [INF] Request starting HTTP/1.1 GET http://localhost:8085/Employee - -
2022-10-21 12:00:48.437 +02:00 [INF] Executing endpoint 'Devon4Net.Application.WebAPI.Implementation.Business.EmployeeManagement.Controllers.EmployeeController.GetEmployee (Devon4Net.Application.WebAPI.Implementation)'
2022-10-21 12:00:48.440 +02:00 [INF] Route matched with {action = "GetEmployee", controller = "Employee"}. Executing controller action with signature System.Threading.Tasks.Task`1[Microsoft.AspNetCore.Mvc.ActionResult] GetEmployee() on controller Devon4Net.Application.WebAPI.Implementation.Business.EmployeeManagement.Controllers.EmployeeController (Devon4Net.Application.WebAPI.Implementation).
2022-10-21 12:00:48.447 +02:00 [INF] Entity Framework Core 6.0.6 initialized 'EmployeeContext' using provider 'Microsoft.EntityFrameworkCore.InMemory:6.0.6' with options: StoreName=Employee 
2022-10-21 12:00:48.455 +02:00 [INF] Executing OkObjectResult, writing value of type 'System.Linq.Enumerable+SelectListIterator`2[[Devon4Net.Application.WebAPI.Implementation.Domain.Entities.Employee, Devon4Net.Application.WebAPI.Implementation, Version=1.0.0.0, Culture=neutral, PublicKeyToken=null],[Devon4Net.Application.WebAPI.Implementation.Business.EmployeeManagement.Dto.EmployeeDto, Devon4Net.Application.WebAPI.Implementation, Version=1.0.0.0, Culture=neutral, PublicKeyToken=null]]'.
2022-10-21 12:00:48.458 +02:00 [INF] Executed action Devon4Net.Application.WebAPI.Implementation.Business.EmployeeManagement.Controllers.EmployeeController.GetEmployee (Devon4Net.Application.WebAPI.Implementation) in 14.6095ms
2022-10-21 12:00:48.460 +02:00 [INF] Executed endpoint 'Devon4Net.Application.WebAPI.Implementation.Business.EmployeeManagement.Controllers.EmployeeController.GetEmployee (Devon4Net.Application.WebAPI.Implementation)'
2022-10-21 12:00:48.463 +02:00 [INF] Request finished HTTP/1.1 GET http://localhost:8085/Employee - - - 200 - application/json;+charset=utf-8 36.9822ms
