2022-10-28 09:09:40.649 +02:00 [INF] Please setup your database in order to have the RabbitMq messaging backup feature
2022-10-28 09:09:41.263 +02:00 [INF] Please setup your database in order to have the RabbitMq messaging backup feature
2022-10-28 09:09:41.264 +02:00 [INF] RabbitMq messaging backup feature is going to be used via LiteDb
2022-10-28 09:10:38.521 +02:00 [INF] Please setup your database in order to have the RabbitMq messaging backup feature
2022-10-28 09:10:38.745 +02:00 [INF] Please setup your database in order to have the RabbitMq messaging backup feature
2022-10-28 09:10:38.745 +02:00 [INF] RabbitMq messaging backup feature is going to be used via LiteDb
2022-10-28 09:12:48.221 +02:00 [INF] Please setup your database in order to have the RabbitMq messaging backup feature
2022-10-28 09:12:48.457 +02:00 [INF] Please setup your database in order to have the RabbitMq messaging backup feature
2022-10-28 09:12:48.457 +02:00 [INF] RabbitMq messaging backup feature is going to be used via LiteDb
2022-10-28 13:46:00.598 +02:00 [INF] Please setup your database in order to have the RabbitMq messaging backup feature
2022-10-28 13:46:00.909 +02:00 [INF] Please setup your database in order to have the RabbitMq messaging backup feature
2022-10-28 13:46:00.909 +02:00 [INF] RabbitMq messaging backup feature is going to be used via LiteDb
2022-10-28 14:27:49.915 +02:00 [INF] Please setup your database in order to have the RabbitMq messaging backup feature
2022-10-28 14:27:50.220 +02:00 [INF] Please setup your database in order to have the RabbitMq messaging backup feature
2022-10-28 14:27:50.220 +02:00 [INF] RabbitMq messaging backup feature is going to be used via LiteDb
2022-10-28 14:27:54.969 +02:00 [INF] User profile is available. Using 'C:\Users\omoukhli\AppData\Local\ASP.NET\DataProtection-Keys' as key repository and Windows DPAPI to encrypt keys at rest.
2022-10-28 14:27:55.264 +02:00 [WRN] Overriding address(es) 'https://localhost:7229, http://localhost:5229'. Binding to endpoints defined via IConfiguration and/or UseKestrel() instead.
2022-10-28 14:27:55.271 +02:00 [INF] Now listening on: http://0.0.0.0:8085
2022-10-28 14:27:55.272 +02:00 [INF] Application started. Press Ctrl+C to shut down.
2022-10-28 14:27:55.272 +02:00 [INF] Hosting environment: Development
2022-10-28 14:27:55.272 +02:00 [INF] Content root path: C:\Projects\dotnet-estimation\dotnet-estimation\dotnet-estimation\Templates\WebAPI\Devon4Net.Application.WebAPI\
2022-10-28 14:28:14.825 +02:00 [INF] Request starting HTTP/1.1 GET http://localhost:8085/swagger/index.html - -
2022-10-28 14:28:15.071 +02:00 [INF] Request finished HTTP/1.1 GET http://localhost:8085/swagger/index.html - - - 200 - text/html;charset=utf-8 249.0222ms
2022-10-28 14:28:15.814 +02:00 [INF] Request starting HTTP/1.1 GET http://localhost:8085/swagger/v1/swagger.json - -
2022-10-28 14:28:16.044 +02:00 [INF] Request finished HTTP/1.1 GET http://localhost:8085/swagger/v1/swagger.json - - - 200 - application/json;charset=utf-8 229.4198ms
2022-10-28 14:29:21.536 +02:00 [INF] Request starting HTTP/1.1 POST http://localhost:8085/session application/json 448
2022-10-28 14:29:21.569 +02:00 [INF] CORS policy execution failed.
2022-10-28 14:29:21.570 +02:00 [INF] Request origin http://localhost:8085 does not have permission to access the resource.
2022-10-28 14:29:21.593 +02:00 [INF] Executing endpoint 'Devon4Net.Application.WebAPI.Implementation.Business.SessionManagement.Controllers.SessionController.CreateSession (Devon4Net.Application.WebAPI.Implementation)'
2022-10-28 14:29:21.656 +02:00 [INF] Route matched with {action = "CreateSession", controller = "Session"}. Executing controller action with signature Microsoft.AspNetCore.Mvc.ActionResult CreateSession(Devon4Net.Application.WebAPI.Implementation.Business.SessionManagement.Dto.SessionDto) on controller Devon4Net.Application.WebAPI.Implementation.Business.SessionManagement.Controllers.SessionController (Devon4Net.Application.WebAPI.Implementation).
2022-10-28 14:29:21.844 +02:00 [INF] Executing ObjectResult, writing value of type 'Devon4Net.Application.WebAPI.Implementation.Business.SessionManagement.Dto.SessionDto'.
2022-10-28 14:29:21.866 +02:00 [INF] Executed action Devon4Net.Application.WebAPI.Implementation.Business.SessionManagement.Controllers.SessionController.CreateSession (Devon4Net.Application.WebAPI.Implementation) in 202.3275ms
2022-10-28 14:29:21.869 +02:00 [INF] Executed endpoint 'Devon4Net.Application.WebAPI.Implementation.Business.SessionManagement.Controllers.SessionController.CreateSession (Devon4Net.Application.WebAPI.Implementation)'
2022-10-28 14:29:21.869 +02:00 [INF] Request finished HTTP/1.1 POST http://localhost:8085/session application/json 448 - 201 - application/json;+charset=utf-8 333.5480ms
2022-10-28 14:45:54.826 +02:00 [INF] Please setup your database in order to have the RabbitMq messaging backup feature
2022-10-28 14:45:55.127 +02:00 [INF] Please setup your database in order to have the RabbitMq messaging backup feature
2022-10-28 14:45:55.127 +02:00 [INF] RabbitMq messaging backup feature is going to be used via LiteDb
2022-10-28 14:45:59.842 +02:00 [INF] User profile is available. Using 'C:\Users\omoukhli\AppData\Local\ASP.NET\DataProtection-Keys' as key repository and Windows DPAPI to encrypt keys at rest.
2022-10-28 14:46:00.147 +02:00 [WRN] Overriding address(es) 'https://localhost:7229, http://localhost:5229'. Binding to endpoints defined via IConfiguration and/or UseKestrel() instead.
2022-10-28 14:46:00.156 +02:00 [INF] Now listening on: http://0.0.0.0:8085
2022-10-28 14:46:00.156 +02:00 [INF] Application started. Press Ctrl+C to shut down.
2022-10-28 14:46:00.157 +02:00 [INF] Hosting environment: Development
2022-10-28 14:46:00.157 +02:00 [INF] Content root path: C:\Projects\dotnet-estimation\dotnet-estimation\dotnet-estimation\Templates\WebAPI\Devon4Net.Application.WebAPI\
2022-10-28 14:46:30.396 +02:00 [INF] Request starting HTTP/1.1 GET http://localhost:8085/swagger/index.html - -
2022-10-28 14:46:30.759 +02:00 [INF] Request finished HTTP/1.1 GET http://localhost:8085/swagger/index.html - - - 200 - text/html;charset=utf-8 367.2291ms
2022-10-28 14:46:30.987 +02:00 [INF] Request starting HTTP/1.1 GET http://localhost:8085/swagger/v1/swagger.json - -
2022-10-28 14:46:31.274 +02:00 [INF] Request finished HTTP/1.1 GET http://localhost:8085/swagger/v1/swagger.json - - - 200 - application/json;charset=utf-8 287.1482ms
2022-10-28 14:46:32.438 +02:00 [INF] Request starting HTTP/1.1 GET http://localhost:8085/swagger/index.html - -
2022-10-28 14:46:32.440 +02:00 [INF] Request finished HTTP/1.1 GET http://localhost:8085/swagger/index.html - - - 200 - text/html;charset=utf-8 1.3034ms
2022-10-28 14:46:32.583 +02:00 [INF] Request starting HTTP/1.1 GET http://localhost:8085/swagger/v1/swagger.json - -
2022-10-28 14:46:32.638 +02:00 [INF] Request finished HTTP/1.1 GET http://localhost:8085/swagger/v1/swagger.json - - - 200 - application/json;charset=utf-8 54.3320ms
2022-10-28 14:46:58.850 +02:00 [INF] Request starting HTTP/1.1 POST http://localhost:8085/session application/json 448
2022-10-28 14:46:58.861 +02:00 [INF] CORS policy execution failed.
2022-10-28 14:46:58.861 +02:00 [INF] Request origin http://localhost:8085 does not have permission to access the resource.
2022-10-28 14:46:58.871 +02:00 [INF] Executing endpoint 'Devon4Net.Application.WebAPI.Implementation.Business.SessionManagement.Controllers.SessionController.CreateSession (Devon4Net.Application.WebAPI.Implementation)'
2022-10-28 14:46:58.898 +02:00 [INF] Route matched with {action = "CreateSession", controller = "Session"}. Executing controller action with signature Microsoft.AspNetCore.Mvc.ActionResult CreateSession(Devon4Net.Application.WebAPI.Implementation.Business.SessionManagement.Dto.SessionDto) on controller Devon4Net.Application.WebAPI.Implementation.Business.SessionManagement.Controllers.SessionController (Devon4Net.Application.WebAPI.Implementation).
2022-10-28 14:46:59.383 +02:00 [INF] Executing ObjectResult, writing value of type 'LiteDB.BsonValue'.
2022-10-28 14:46:59.474 +02:00 [INF] Executed action Devon4Net.Application.WebAPI.Implementation.Business.SessionManagement.Controllers.SessionController.CreateSession (Devon4Net.Application.WebAPI.Implementation) in 555.6011ms
2022-10-28 14:46:59.486 +02:00 [INF] Executed endpoint 'Devon4Net.Application.WebAPI.Implementation.Business.SessionManagement.Controllers.SessionController.CreateSession (Devon4Net.Application.WebAPI.Implementation)'
2022-10-28 14:46:59.704 +02:00 [ERR] Exception Type: InvalidCastException | Message: Unable to cast object of type 'System.Int64' to type 'System.Boolean'. | InnerException: No InnerException exception data found | StackTrace =    at AsBooleanGetter(Object )
   at System.Text.Json.Serialization.Metadata.JsonPropertyInfo`1.GetMemberAndWriteJson(Object obj, WriteStack& state, Utf8JsonWriter writer)
   at System.Text.Json.Serialization.Converters.ObjectDefaultConverter`1.OnTryWrite(Utf8JsonWriter writer, T value, JsonSerializerOptions options, WriteStack& state)
   at System.Text.Json.Serialization.JsonConverter`1.TryWrite(Utf8JsonWriter writer, T& value, JsonSerializerOptions options, WriteStack& state)
   at System.Text.Json.Serialization.JsonConverter`1.WriteCore(Utf8JsonWriter writer, T& value, JsonSerializerOptions options, WriteStack& state)
   at System.Text.Json.Serialization.JsonConverter`1.WriteCoreAsObject(Utf8JsonWriter writer, Object value, JsonSerializerOptions options, WriteStack& state)
   at System.Text.Json.JsonSerializer.WriteCore[TValue](JsonConverter jsonConverter, Utf8JsonWriter writer, TValue& value, JsonSerializerOptions options, WriteStack& state)
   at System.Text.Json.JsonSerializer.WriteStreamAsync[TValue](Stream utf8Json, TValue value, JsonTypeInfo jsonTypeInfo, CancellationToken cancellationToken)
   at System.Text.Json.JsonSerializer.WriteStreamAsync[TValue](Stream utf8Json, TValue value, JsonTypeInfo jsonTypeInfo, CancellationToken cancellationToken)
   at System.Text.Json.JsonSerializer.WriteStreamAsync[TValue](Stream utf8Json, TValue value, JsonTypeInfo jsonTypeInfo, CancellationToken cancellationToken)
   at Microsoft.AspNetCore.Mvc.Formatters.SystemTextJsonOutputFormatter.WriteResponseBodyAsync(OutputFormatterWriteContext context, Encoding selectedEncoding)
   at Microsoft.AspNetCore.Mvc.Infrastructure.ResourceInvoker.<InvokeNextResultFilterAsync>g__Awaited|30_0[TFilter,TFilterAsync](ResourceInvoker invoker, Task lastTask, State next, Scope scope, Object state, Boolean isCompleted)
   at Microsoft.AspNetCore.Mvc.Infrastructure.ResourceInvoker.Rethrow(ResultExecutedContextSealed context)
   at Microsoft.AspNetCore.Mvc.Infrastructure.ResourceInvoker.ResultNext[TFilter,TFilterAsync](State& next, Scope& scope, Object& state, Boolean& isCompleted)
   at Microsoft.AspNetCore.Mvc.Infrastructure.ResourceInvoker.InvokeResultFilters()
--- End of stack trace from previous location ---
   at Microsoft.AspNetCore.Mvc.Infrastructure.ResourceInvoker.<InvokeNextResourceFilter>g__Awaited|25_0(ResourceInvoker invoker, Task lastTask, State next, Scope scope, Object state, Boolean isCompleted)
   at Microsoft.AspNetCore.Mvc.Infrastructure.ResourceInvoker.Rethrow(ResourceExecutedContextSealed context)
   at Microsoft.AspNetCore.Mvc.Infrastructure.ResourceInvoker.Next(State& next, Scope& scope, Object& state, Boolean& isCompleted)
   at Microsoft.AspNetCore.Mvc.Infrastructure.ResourceInvoker.InvokeFilterPipelineAsync()
--- End of stack trace from previous location ---
   at Microsoft.AspNetCore.Mvc.Infrastructure.ResourceInvoker.<InvokeAsync>g__Logged|17_1(ResourceInvoker invoker)
   at Microsoft.AspNetCore.Mvc.Infrastructure.ResourceInvoker.<InvokeAsync>g__Logged|17_1(ResourceInvoker invoker)
   at Microsoft.AspNetCore.Routing.EndpointMiddleware.<Invoke>g__AwaitRequestTask|6_0(Endpoint endpoint, Task requestTask, ILogger logger)
   at Microsoft.AspNetCore.Authorization.AuthorizationMiddleware.Invoke(HttpContext context)
   at Devon4Net.Infrastructure.Middleware.Middleware.Headers.CustomHeadersMiddleware.Invoke(HttpContext context)
   at Devon4Net.Infrastructure.Middleware.Middleware.Exception.ExceptionHandlingMiddleware.Invoke(HttpContext context)
2022-10-28 14:46:59.710 +02:00 [INF] Request finished HTTP/1.1 POST http://localhost:8085/session application/json 448 - 500 0 - 859.4801ms
2022-10-28 14:47:13.828 +02:00 [INF] Request starting HTTP/1.1 POST http://localhost:8085/session application/json 448
2022-10-28 14:47:13.829 +02:00 [INF] CORS policy execution failed.
2022-10-28 14:47:13.829 +02:00 [INF] Request origin http://localhost:8085 does not have permission to access the resource.
2022-10-28 14:47:13.829 +02:00 [INF] Executing endpoint 'Devon4Net.Application.WebAPI.Implementation.Business.SessionManagement.Controllers.SessionController.CreateSession (Devon4Net.Application.WebAPI.Implementation)'
2022-10-28 14:47:13.830 +02:00 [INF] Route matched with {action = "CreateSession", controller = "Session"}. Executing controller action with signature Microsoft.AspNetCore.Mvc.ActionResult CreateSession(Devon4Net.Application.WebAPI.Implementation.Business.SessionManagement.Dto.SessionDto) on controller Devon4Net.Application.WebAPI.Implementation.Business.SessionManagement.Controllers.SessionController (Devon4Net.Application.WebAPI.Implementation).
2022-10-28 14:47:13.869 +02:00 [INF] Executing ObjectResult, writing value of type 'LiteDB.BsonValue'.
2022-10-28 14:47:13.878 +02:00 [INF] Executed action Devon4Net.Application.WebAPI.Implementation.Business.SessionManagement.Controllers.SessionController.CreateSession (Devon4Net.Application.WebAPI.Implementation) in 48.2402ms
2022-10-28 14:47:13.880 +02:00 [INF] Executed endpoint 'Devon4Net.Application.WebAPI.Implementation.Business.SessionManagement.Controllers.SessionController.CreateSession (Devon4Net.Application.WebAPI.Implementation)'
2022-10-28 14:47:13.884 +02:00 [ERR] Exception Type: InvalidCastException | Message: Unable to cast object of type 'System.Int64' to type 'System.Boolean'. | InnerException: No InnerException exception data found | StackTrace =    at AsBooleanGetter(Object )
   at System.Text.Json.Serialization.Metadata.JsonPropertyInfo`1.GetMemberAndWriteJson(Object obj, WriteStack& state, Utf8JsonWriter writer)
   at System.Text.Json.Serialization.Converters.ObjectDefaultConverter`1.OnTryWrite(Utf8JsonWriter writer, T value, JsonSerializerOptions options, WriteStack& state)
   at System.Text.Json.Serialization.JsonConverter`1.TryWrite(Utf8JsonWriter writer, T& value, JsonSerializerOptions options, WriteStack& state)
   at System.Text.Json.Serialization.JsonConverter`1.WriteCore(Utf8JsonWriter writer, T& value, JsonSerializerOptions options, WriteStack& state)
   at System.Text.Json.Serialization.JsonConverter`1.WriteCoreAsObject(Utf8JsonWriter writer, Object value, JsonSerializerOptions options, WriteStack& state)
   at System.Text.Json.JsonSerializer.WriteCore[TValue](JsonConverter jsonConverter, Utf8JsonWriter writer, TValue& value, JsonSerializerOptions options, WriteStack& state)
   at System.Text.Json.JsonSerializer.WriteStreamAsync[TValue](Stream utf8Json, TValue value, JsonTypeInfo jsonTypeInfo, CancellationToken cancellationToken)
   at System.Text.Json.JsonSerializer.WriteStreamAsync[TValue](Stream utf8Json, TValue value, JsonTypeInfo jsonTypeInfo, CancellationToken cancellationToken)
   at System.Text.Json.JsonSerializer.WriteStreamAsync[TValue](Stream utf8Json, TValue value, JsonTypeInfo jsonTypeInfo, CancellationToken cancellationToken)
   at Microsoft.AspNetCore.Mvc.Formatters.SystemTextJsonOutputFormatter.WriteResponseBodyAsync(OutputFormatterWriteContext context, Encoding selectedEncoding)
   at Microsoft.AspNetCore.Mvc.Infrastructure.ResourceInvoker.<InvokeNextResultFilterAsync>g__Awaited|30_0[TFilter,TFilterAsync](ResourceInvoker invoker, Task lastTask, State next, Scope scope, Object state, Boolean isCompleted)
   at Microsoft.AspNetCore.Mvc.Infrastructure.ResourceInvoker.Rethrow(ResultExecutedContextSealed context)
   at Microsoft.AspNetCore.Mvc.Infrastructure.ResourceInvoker.ResultNext[TFilter,TFilterAsync](State& next, Scope& scope, Object& state, Boolean& isCompleted)
   at Microsoft.AspNetCore.Mvc.Infrastructure.ResourceInvoker.InvokeResultFilters()
--- End of stack trace from previous location ---
   at Microsoft.AspNetCore.Mvc.Infrastructure.ResourceInvoker.<InvokeNextResourceFilter>g__Awaited|25_0(ResourceInvoker invoker, Task lastTask, State next, Scope scope, Object state, Boolean isCompleted)
   at Microsoft.AspNetCore.Mvc.Infrastructure.ResourceInvoker.Rethrow(ResourceExecutedContextSealed context)
   at Microsoft.AspNetCore.Mvc.Infrastructure.ResourceInvoker.Next(State& next, Scope& scope, Object& state, Boolean& isCompleted)
   at Microsoft.AspNetCore.Mvc.Infrastructure.ResourceInvoker.InvokeFilterPipelineAsync()
--- End of stack trace from previous location ---
   at Microsoft.AspNetCore.Mvc.Infrastructure.ResourceInvoker.<InvokeAsync>g__Logged|17_1(ResourceInvoker invoker)
   at Microsoft.AspNetCore.Mvc.Infrastructure.ResourceInvoker.<InvokeAsync>g__Logged|17_1(ResourceInvoker invoker)
   at Microsoft.AspNetCore.Routing.EndpointMiddleware.<Invoke>g__AwaitRequestTask|6_0(Endpoint endpoint, Task requestTask, ILogger logger)
   at Microsoft.AspNetCore.Authorization.AuthorizationMiddleware.Invoke(HttpContext context)
   at Devon4Net.Infrastructure.Middleware.Middleware.Headers.CustomHeadersMiddleware.Invoke(HttpContext context)
   at Devon4Net.Infrastructure.Middleware.Middleware.Exception.ExceptionHandlingMiddleware.Invoke(HttpContext context)
2022-10-28 14:47:13.885 +02:00 [INF] Request finished HTTP/1.1 POST http://localhost:8085/session application/json 448 - 500 0 - 56.9996ms
2022-10-28 14:47:48.882 +02:00 [INF] Request starting HTTP/1.1 POST http://localhost:8085/session application/json 448
2022-10-28 14:47:48.923 +02:00 [INF] CORS policy execution failed.
2022-10-28 14:47:48.925 +02:00 [INF] Request origin http://localhost:8085 does not have permission to access the resource.
2022-10-28 14:47:48.925 +02:00 [INF] Executing endpoint 'Devon4Net.Application.WebAPI.Implementation.Business.SessionManagement.Controllers.SessionController.CreateSession (Devon4Net.Application.WebAPI.Implementation)'
2022-10-28 14:47:48.925 +02:00 [INF] Route matched with {action = "CreateSession", controller = "Session"}. Executing controller action with signature Microsoft.AspNetCore.Mvc.ActionResult CreateSession(Devon4Net.Application.WebAPI.Implementation.Business.SessionManagement.Dto.SessionDto) on controller Devon4Net.Application.WebAPI.Implementation.Business.SessionManagement.Controllers.SessionController (Devon4Net.Application.WebAPI.Implementation).
2022-10-28 14:47:48.959 +02:00 [INF] Executing ObjectResult, writing value of type 'LiteDB.BsonValue'.
2022-10-28 14:47:48.961 +02:00 [INF] Executed action Devon4Net.Application.WebAPI.Implementation.Business.SessionManagement.Controllers.SessionController.CreateSession (Devon4Net.Application.WebAPI.Implementation) in 35.6358ms
2022-10-28 14:47:48.962 +02:00 [INF] Executed endpoint 'Devon4Net.Application.WebAPI.Implementation.Business.SessionManagement.Controllers.SessionController.CreateSession (Devon4Net.Application.WebAPI.Implementation)'
2022-10-28 14:47:48.964 +02:00 [ERR] Exception Type: InvalidCastException | Message: Unable to cast object of type 'System.Int64' to type 'System.Boolean'. | InnerException: No InnerException exception data found | StackTrace =    at AsBooleanGetter(Object )
   at System.Text.Json.Serialization.Metadata.JsonPropertyInfo`1.GetMemberAndWriteJson(Object obj, WriteStack& state, Utf8JsonWriter writer)
   at System.Text.Json.Serialization.Converters.ObjectDefaultConverter`1.OnTryWrite(Utf8JsonWriter writer, T value, JsonSerializerOptions options, WriteStack& state)
   at System.Text.Json.Serialization.JsonConverter`1.TryWrite(Utf8JsonWriter writer, T& value, JsonSerializerOptions options, WriteStack& state)
   at System.Text.Json.Serialization.JsonConverter`1.WriteCore(Utf8JsonWriter writer, T& value, JsonSerializerOptions options, WriteStack& state)
   at System.Text.Json.Serialization.JsonConverter`1.WriteCoreAsObject(Utf8JsonWriter writer, Object value, JsonSerializerOptions options, WriteStack& state)
   at System.Text.Json.JsonSerializer.WriteCore[TValue](JsonConverter jsonConverter, Utf8JsonWriter writer, TValue& value, JsonSerializerOptions options, WriteStack& state)
   at System.Text.Json.JsonSerializer.WriteStreamAsync[TValue](Stream utf8Json, TValue value, JsonTypeInfo jsonTypeInfo, CancellationToken cancellationToken)
   at System.Text.Json.JsonSerializer.WriteStreamAsync[TValue](Stream utf8Json, TValue value, JsonTypeInfo jsonTypeInfo, CancellationToken cancellationToken)
   at System.Text.Json.JsonSerializer.WriteStreamAsync[TValue](Stream utf8Json, TValue value, JsonTypeInfo jsonTypeInfo, CancellationToken cancellationToken)
   at Microsoft.AspNetCore.Mvc.Formatters.SystemTextJsonOutputFormatter.WriteResponseBodyAsync(OutputFormatterWriteContext context, Encoding selectedEncoding)
   at Microsoft.AspNetCore.Mvc.Infrastructure.ResourceInvoker.<InvokeNextResultFilterAsync>g__Awaited|30_0[TFilter,TFilterAsync](ResourceInvoker invoker, Task lastTask, State next, Scope scope, Object state, Boolean isCompleted)
   at Microsoft.AspNetCore.Mvc.Infrastructure.ResourceInvoker.Rethrow(ResultExecutedContextSealed context)
   at Microsoft.AspNetCore.Mvc.Infrastructure.ResourceInvoker.ResultNext[TFilter,TFilterAsync](State& next, Scope& scope, Object& state, Boolean& isCompleted)
   at Microsoft.AspNetCore.Mvc.Infrastructure.ResourceInvoker.InvokeResultFilters()
--- End of stack trace from previous location ---
   at Microsoft.AspNetCore.Mvc.Infrastructure.ResourceInvoker.<InvokeNextResourceFilter>g__Awaited|25_0(ResourceInvoker invoker, Task lastTask, State next, Scope scope, Object state, Boolean isCompleted)
   at Microsoft.AspNetCore.Mvc.Infrastructure.ResourceInvoker.Rethrow(ResourceExecutedContextSealed context)
   at Microsoft.AspNetCore.Mvc.Infrastructure.ResourceInvoker.Next(State& next, Scope& scope, Object& state, Boolean& isCompleted)
   at Microsoft.AspNetCore.Mvc.Infrastructure.ResourceInvoker.InvokeFilterPipelineAsync()
--- End of stack trace from previous location ---
   at Microsoft.AspNetCore.Mvc.Infrastructure.ResourceInvoker.<InvokeAsync>g__Logged|17_1(ResourceInvoker invoker)
   at Microsoft.AspNetCore.Mvc.Infrastructure.ResourceInvoker.<InvokeAsync>g__Logged|17_1(ResourceInvoker invoker)
   at Microsoft.AspNetCore.Routing.EndpointMiddleware.<Invoke>g__AwaitRequestTask|6_0(Endpoint endpoint, Task requestTask, ILogger logger)
   at Microsoft.AspNetCore.Authorization.AuthorizationMiddleware.Invoke(HttpContext context)
   at Devon4Net.Infrastructure.Middleware.Middleware.Headers.CustomHeadersMiddleware.Invoke(HttpContext context)
   at Devon4Net.Infrastructure.Middleware.Middleware.Exception.ExceptionHandlingMiddleware.Invoke(HttpContext context)
2022-10-28 14:47:48.965 +02:00 [INF] Request finished HTTP/1.1 POST http://localhost:8085/session application/json 448 - 500 0 - 82.9898ms
2022-10-28 14:54:08.990 +02:00 [INF] Please setup your database in order to have the RabbitMq messaging backup feature
2022-10-28 14:54:09.252 +02:00 [INF] Please setup your database in order to have the RabbitMq messaging backup feature
2022-10-28 14:54:09.252 +02:00 [INF] RabbitMq messaging backup feature is going to be used via LiteDb
2022-10-28 14:54:13.865 +02:00 [INF] User profile is available. Using 'C:\Users\omoukhli\AppData\Local\ASP.NET\DataProtection-Keys' as key repository and Windows DPAPI to encrypt keys at rest.
2022-10-28 14:54:14.123 +02:00 [WRN] Overriding address(es) 'https://localhost:7229, http://localhost:5229'. Binding to endpoints defined via IConfiguration and/or UseKestrel() instead.
2022-10-28 14:54:14.129 +02:00 [INF] Now listening on: http://0.0.0.0:8085
2022-10-28 14:54:14.130 +02:00 [INF] Application started. Press Ctrl+C to shut down.
2022-10-28 14:54:14.130 +02:00 [INF] Hosting environment: Development
2022-10-28 14:54:14.130 +02:00 [INF] Content root path: C:\Projects\dotnet-estimation\dotnet-estimation\dotnet-estimation\Templates\WebAPI\Devon4Net.Application.WebAPI\
2022-10-28 14:54:23.773 +02:00 [INF] Request starting HTTP/1.1 GET http://localhost:8085/swagger/index.html - -
2022-10-28 14:54:24.062 +02:00 [INF] Request finished HTTP/1.1 GET http://localhost:8085/swagger/index.html - - - 200 - text/html;charset=utf-8 293.9860ms
2022-10-28 14:54:24.350 +02:00 [INF] Request starting HTTP/1.1 GET http://localhost:8085/swagger/v1/swagger.json - -
2022-10-28 14:54:24.556 +02:00 [INF] Request finished HTTP/1.1 GET http://localhost:8085/swagger/v1/swagger.json - - - 200 - application/json;charset=utf-8 205.8552ms
2022-10-28 14:54:33.627 +02:00 [INF] Request starting HTTP/1.1 POST http://localhost:8085/session application/json 448
2022-10-28 14:54:33.645 +02:00 [INF] CORS policy execution failed.
2022-10-28 14:54:33.646 +02:00 [INF] Request origin http://localhost:8085 does not have permission to access the resource.
2022-10-28 14:54:33.663 +02:00 [INF] Executing endpoint 'Devon4Net.Application.WebAPI.Implementation.Business.SessionManagement.Controllers.SessionController.CreateSession (Devon4Net.Application.WebAPI.Implementation)'
2022-10-28 14:54:33.725 +02:00 [INF] Route matched with {action = "CreateSession", controller = "Session"}. Executing controller action with signature System.Threading.Tasks.Task`1[Microsoft.AspNetCore.Mvc.ActionResult] CreateSession(Devon4Net.Application.WebAPI.Implementation.Business.SessionManagement.Dto.SessionDto) on controller Devon4Net.Application.WebAPI.Implementation.Business.SessionManagement.Controllers.SessionController (Devon4Net.Application.WebAPI.Implementation).
2022-10-28 14:54:34.424 +02:00 [INF] Executing ObjectResult, writing value of type 'LiteDB.BsonValue'.
2022-10-28 14:54:34.458 +02:00 [INF] Executed action Devon4Net.Application.WebAPI.Implementation.Business.SessionManagement.Controllers.SessionController.CreateSession (Devon4Net.Application.WebAPI.Implementation) in 723.7576ms
2022-10-28 14:54:34.460 +02:00 [INF] Executed endpoint 'Devon4Net.Application.WebAPI.Implementation.Business.SessionManagement.Controllers.SessionController.CreateSession (Devon4Net.Application.WebAPI.Implementation)'
2022-10-28 14:54:34.533 +02:00 [ERR] Exception Type: InvalidCastException | Message: Unable to cast object of type 'System.Int64' to type 'System.Boolean'. | InnerException: No InnerException exception data found | StackTrace =    at AsBooleanGetter(Object )
   at System.Text.Json.Serialization.Metadata.JsonPropertyInfo`1.GetMemberAndWriteJson(Object obj, WriteStack& state, Utf8JsonWriter writer)
   at System.Text.Json.Serialization.Converters.ObjectDefaultConverter`1.OnTryWrite(Utf8JsonWriter writer, T value, JsonSerializerOptions options, WriteStack& state)
   at System.Text.Json.Serialization.JsonConverter`1.TryWrite(Utf8JsonWriter writer, T& value, JsonSerializerOptions options, WriteStack& state)
   at System.Text.Json.Serialization.JsonConverter`1.WriteCore(Utf8JsonWriter writer, T& value, JsonSerializerOptions options, WriteStack& state)
   at System.Text.Json.Serialization.JsonConverter`1.WriteCoreAsObject(Utf8JsonWriter writer, Object value, JsonSerializerOptions options, WriteStack& state)
   at System.Text.Json.JsonSerializer.WriteCore[TValue](JsonConverter jsonConverter, Utf8JsonWriter writer, TValue& value, JsonSerializerOptions options, WriteStack& state)
   at System.Text.Json.JsonSerializer.WriteStreamAsync[TValue](Stream utf8Json, TValue value, JsonTypeInfo jsonTypeInfo, CancellationToken cancellationToken)
   at System.Text.Json.JsonSerializer.WriteStreamAsync[TValue](Stream utf8Json, TValue value, JsonTypeInfo jsonTypeInfo, CancellationToken cancellationToken)
   at System.Text.Json.JsonSerializer.WriteStreamAsync[TValue](Stream utf8Json, TValue value, JsonTypeInfo jsonTypeInfo, CancellationToken cancellationToken)
   at Microsoft.AspNetCore.Mvc.Formatters.SystemTextJsonOutputFormatter.WriteResponseBodyAsync(OutputFormatterWriteContext context, Encoding selectedEncoding)
   at Microsoft.AspNetCore.Mvc.Infrastructure.ResourceInvoker.<InvokeNextResultFilterAsync>g__Awaited|30_0[TFilter,TFilterAsync](ResourceInvoker invoker, Task lastTask, State next, Scope scope, Object state, Boolean isCompleted)
   at Microsoft.AspNetCore.Mvc.Infrastructure.ResourceInvoker.Rethrow(ResultExecutedContextSealed context)
   at Microsoft.AspNetCore.Mvc.Infrastructure.ResourceInvoker.ResultNext[TFilter,TFilterAsync](State& next, Scope& scope, Object& state, Boolean& isCompleted)
   at Microsoft.AspNetCore.Mvc.Infrastructure.ResourceInvoker.InvokeResultFilters()
--- End of stack trace from previous location ---
   at Microsoft.AspNetCore.Mvc.Infrastructure.ResourceInvoker.<InvokeNextResourceFilter>g__Awaited|25_0(ResourceInvoker invoker, Task lastTask, State next, Scope scope, Object state, Boolean isCompleted)
   at Microsoft.AspNetCore.Mvc.Infrastructure.ResourceInvoker.Rethrow(ResourceExecutedContextSealed context)
   at Microsoft.AspNetCore.Mvc.Infrastructure.ResourceInvoker.Next(State& next, Scope& scope, Object& state, Boolean& isCompleted)
   at Microsoft.AspNetCore.Mvc.Infrastructure.ResourceInvoker.InvokeFilterPipelineAsync()
--- End of stack trace from previous location ---
   at Microsoft.AspNetCore.Mvc.Infrastructure.ResourceInvoker.<InvokeAsync>g__Logged|17_1(ResourceInvoker invoker)
   at Microsoft.AspNetCore.Mvc.Infrastructure.ResourceInvoker.<InvokeAsync>g__Logged|17_1(ResourceInvoker invoker)
   at Microsoft.AspNetCore.Routing.EndpointMiddleware.<Invoke>g__AwaitRequestTask|6_0(Endpoint endpoint, Task requestTask, ILogger logger)
   at Microsoft.AspNetCore.Authorization.AuthorizationMiddleware.Invoke(HttpContext context)
   at Devon4Net.Infrastructure.Middleware.Middleware.Headers.CustomHeadersMiddleware.Invoke(HttpContext context)
   at Devon4Net.Infrastructure.Middleware.Middleware.Exception.ExceptionHandlingMiddleware.Invoke(HttpContext context)
2022-10-28 14:54:34.540 +02:00 [INF] Request finished HTTP/1.1 POST http://localhost:8085/session application/json 448 - 500 0 - 912.8654ms
